c:\users\lebwa\documents\github\kc_4\lav\lav\debug\vc142.pdb
c:\users\lebwa\documents\github\kc_4\lav\lav\debug\vc142.idb
c:\users\lebwa\documents\github\kc_4\lav\lav\debug\sc_ufix.obj
c:\users\lebwa\documents\github\kc_4\lav\lav\debug\sc_report_handler.obj
c:\users\lebwa\documents\github\kc_4\lav\lav\debug\sc_report.obj
c:\users\lebwa\documents\github\kc_4\lav\lav\debug\sc_fxval.obj
c:\users\lebwa\documents\github\kc_4\lav\lav\debug\sc_fxtype_params.obj
c:\users\lebwa\documents\github\kc_4\lav\lav\debug\sc_fxnum_subref.obj
c:\users\lebwa\documents\github\kc_4\lav\lav\debug\sc_fxnum_bitref.obj
c:\users\lebwa\documents\github\kc_4\lav\lav\debug\sc_fxnum.obj
c:\users\lebwa\documents\github\kc_4\lav\lav\debug\sc_fxdefs.obj
c:\users\lebwa\documents\github\kc_4\lav\lav\debug\sc_fxcast_switch.obj
c:\users\lebwa\documents\github\kc_4\lav\lav\debug\sc_fix.obj
c:\users\lebwa\documents\github\kc_4\lav\lav\debug\scfx_utils.obj
c:\users\lebwa\documents\github\kc_4\lav\lav\debug\scfx_rep.obj
c:\users\lebwa\documents\github\kc_4\lav\lav\debug\scfx_pow10.obj
c:\users\lebwa\documents\github\kc_4\lav\lav\debug\scfx_mant.obj
c:\users\lebwa\documents\github\kc_4\lav\lav\debug\s2.obj
c:\users\lebwa\documents\github\kc_4\lav\lav\debug\s1.obj
c:\users\lebwa\documents\github\kc_4\lav\lav\debug\numgen.obj
c:\users\lebwa\documents\github\kc_4\lav\lav\debug\main.obj
c:\users\lebwa\documents\github\kc_4\lav\lav\debug\display.obj
c:\users\lebwa\documents\github\kc_4\lav\lav\debug\sc_clock.obj
c:\users\lebwa\documents\github\kc_4\lav\lav\debug\sc_channel_array.obj
c:\users\lebwa\documents\github\kc_4\lav\lav\debug\sc_bv.obj
c:\users\lebwa\documents\github\kc_4\lav\lav\debug\sc_bool_vector.obj
c:\users\lebwa\documents\github\kc_4\lav\lav\debug\sc_bit.obj
c:\users\lebwa\documents\github\kc_4\lav\lav\debug\sc_async_process.obj
c:\users\lebwa\documents\github\kc_4\lav\lav\debug\sc_async.obj
c:\users\lebwa\documents\github\kc_4\lav\lav\debug\sc_array_concat.obj
c:\users\lebwa\documents\github\kc_4\lav\lav\debug\sc_array.obj
c:\users\lebwa\documents\github\kc_4\lav\lav\debug\sc_aproc_process.obj
c:\users\lebwa\documents\github\kc_4\lav\lav\debug\sc_aproc.obj
c:\users\lebwa\documents\github\kc_4\lav\lav\debug\sc_unsigned.obj
c:\users\lebwa\documents\github\kc_4\lav\lav\debug\sc_signed.obj
c:\users\lebwa\documents\github\kc_4\lav\lav\debug\sc_nbwrite.obj
c:\users\lebwa\documents\github\kc_4\lav\lav\debug\sc_nbutils.obj
c:\users\lebwa\documents\github\kc_4\lav\lav\debug\sc_nbexterns.obj
c:\users\lebwa\documents\github\kc_4\lav\lav\debug\sc_nbassign.obj
c:\users\lebwa\documents\github\kc_4\lav\lav\debug\sc_int64_mask.obj
c:\users\lebwa\documents\github\kc_4\lav\lav\debug\sc_int64_io.obj
c:\users\lebwa\documents\github\kc_4\lav\lav\debug\sc_int32_mask.obj
c:\users\lebwa\documents\github\kc_4\lav\lav\debug\sc_port_manager.obj
c:\users\lebwa\documents\github\kc_4\lav\lav\debug\sc_port.obj
c:\users\lebwa\documents\github\kc_4\lav\lav\debug\sc_object_manager.obj
c:\users\lebwa\documents\github\kc_4\lav\lav\debug\sc_object.obj
c:\users\lebwa\documents\github\kc_4\lav\lav\debug\sc_module_prm.obj
c:\users\lebwa\documents\github\kc_4\lav\lav\debug\sc_module_name.obj
c:\users\lebwa\documents\github\kc_4\lav\lav\debug\sc_module.obj
c:\users\lebwa\documents\github\kc_4\lav\lav\debug\sc_mempool.obj
c:\users\lebwa\documents\github\kc_4\lav\lav\debug\sc_measure.obj
c:\users\lebwa\documents\github\kc_4\lav\lav\debug\sc_main.obj
c:\users\lebwa\documents\github\kc_4\lav\lav\debug\sc_lv.obj
c:\users\lebwa\documents\github\kc_4\lav\lav\debug\sc_logic_vector.obj
c:\users\lebwa\documents\github\kc_4\lav\lav\debug\sc_logic.obj
c:\users\lebwa\documents\github\kc_4\lav\lav\debug\sc_list.obj
c:\users\lebwa\documents\github\kc_4\lav\lav\debug\sc_lambda.obj
c:\users\lebwa\documents\github\kc_4\lav\lav\debug\sc_hash.obj
c:\users\lebwa\documents\github\kc_4\lav\lav\debug\sc_exception.obj
c:\users\lebwa\documents\github\kc_4\lav\lav\debug\sc_err_handler.obj
c:\users\lebwa\documents\github\kc_4\lav\lav\debug\sc_dump.obj
c:\users\lebwa\documents\github\kc_4\lav\lav\debug\sc_context_switch.obj
c:\users\lebwa\documents\github\kc_4\lav\lav\debug\sc_wif_trace.obj
c:\users\lebwa\documents\github\kc_4\lav\lav\debug\sc_wait.obj
c:\users\lebwa\documents\github\kc_4\lav\lav\debug\sc_ver.obj
c:\users\lebwa\documents\github\kc_4\lav\lav\debug\sc_vector.obj
c:\users\lebwa\documents\github\kc_4\lav\lav\debug\sc_vcd_trace.obj
c:\users\lebwa\documents\github\kc_4\lav\lav\debug\sc_trace.obj
c:\users\lebwa\documents\github\kc_4\lav\lav\debug\sc_sync_process.obj
c:\users\lebwa\documents\github\kc_4\lav\lav\debug\sc_sync_opt.obj
c:\users\lebwa\documents\github\kc_4\lav\lav\debug\sc_sync_noopt.obj
c:\users\lebwa\documents\github\kc_4\lav\lav\debug\sc_string.obj
c:\users\lebwa\documents\github\kc_4\lav\lav\debug\sc_simcontext.obj
c:\users\lebwa\documents\github\kc_4\lav\lav\debug\sc_signal_rv.obj
c:\users\lebwa\documents\github\kc_4\lav\lav\debug\sc_signal_optimize.obj
c:\users\lebwa\documents\github\kc_4\lav\lav\debug\sc_signal_edgy.obj
c:\users\lebwa\documents\github\kc_4\lav\lav\debug\sc_signal_array.obj
c:\users\lebwa\documents\github\kc_4\lav\lav\debug\sc_signal.obj
c:\users\lebwa\documents\github\kc_4\lav\lav\debug\sc_sensitive.obj
c:\users\lebwa\documents\github\kc_4\lav\lav\debug\sc_reslv_vector.obj
c:\users\lebwa\documents\github\kc_4\lav\lav\debug\sc_reslv.obj
c:\users\lebwa\documents\github\kc_4\lav\lav\debug\sc_pq.obj
c:\users\lebwa\documents\github\kc_4\lav\lav\debug\testmodule.obj
c:\users\lebwa\documents\github\kc_4\lav\lav\debug\stage3.obj
c:\users\lebwa\documents\github\kc_4\lav\lav\debug\stage2.obj
c:\users\lebwa\documents\github\kc_4\lav\lav\debug\stage1.obj
c:\users\lebwa\documents\github\kc_4\lav\debug\lab1-4.ilk
c:\users\lebwa\documents\github\kc_4\lav\debug\lab1-4.exe
c:\users\lebwa\documents\github\kc_4\lav\debug\lab1-4.pdb
c:\users\lebwa\documents\github\kc_4\lav\lav\debug\lab1-4.tlog\cl.command.1.tlog
c:\users\lebwa\documents\github\kc_4\lav\lav\debug\lab1-4.tlog\cl.read.1.tlog
c:\users\lebwa\documents\github\kc_4\lav\lav\debug\lab1-4.tlog\cl.write.1.tlog
c:\users\lebwa\documents\github\kc_4\lav\lav\debug\lab1-4.tlog\link.command.1.tlog
c:\users\lebwa\documents\github\kc_4\lav\lav\debug\lab1-4.tlog\link.read.1.tlog
c:\users\lebwa\documents\github\kc_4\lav\lav\debug\lab1-4.tlog\link.write.1.tlog
